E, [2017-11-03T23:26:03.045703 #2080] ERROR -- Kitchen: ------Exception-------
E, [2017-11-03T23:26:03.045800 #2080] ERROR -- Kitchen: Class: Kitchen::UserError
E, [2017-11-03T23:26:03.045822 #2080] ERROR -- Kitchen: Message: Vagrant 1.1.0 or higher is not installed. Please download a package from http://www.vagrantup.com/downloads.html.
E, [2017-11-03T23:26:03.045842 #2080] ERROR -- Kitchen: ----------------------
E, [2017-11-03T23:26:03.045855 #2080] ERROR -- Kitchen: ------Backtrace-------
E, [2017-11-03T23:26:03.045866 #2080] ERROR -- Kitchen: /opt/chefdk/embedded/lib/ruby/gems/2.4.0/gems/kitchen-vagrant-1.2.1/lib/kitchen/driver/vagrant.rb:526:in `rescue in vagrant_version'
E, [2017-11-03T23:26:03.045878 #2080] ERROR -- Kitchen: /opt/chefdk/embedded/lib/ruby/gems/2.4.0/gems/kitchen-vagrant-1.2.1/lib/kitchen/driver/vagrant.rb:522:in `vagrant_version'
E, [2017-11-03T23:26:03.045890 #2080] ERROR -- Kitchen: /opt/chefdk/embedded/lib/ruby/gems/2.4.0/gems/kitchen-vagrant-1.2.1/lib/kitchen/driver/vagrant.rb:184:in `verify_dependencies'
E, [2017-11-03T23:26:03.045902 #2080] ERROR -- Kitchen: /opt/chefdk/embedded/lib/ruby/gems/2.4.0/gems/test-kitchen-1.17.0/lib/kitchen/driver.rb:43:in `for_plugin'
E, [2017-11-03T23:26:03.045913 #2080] ERROR -- Kitchen: /opt/chefdk/embedded/lib/ruby/gems/2.4.0/gems/test-kitchen-1.17.0/lib/kitchen/config.rb:228:in `new_driver'
E, [2017-11-03T23:26:03.045930 #2080] ERROR -- Kitchen: /opt/chefdk/embedded/lib/ruby/gems/2.4.0/gems/test-kitchen-1.17.0/lib/kitchen/config.rb:241:in `new_instance'
E, [2017-11-03T23:26:03.045943 #2080] ERROR -- Kitchen: /opt/chefdk/embedded/lib/ruby/gems/2.4.0/gems/test-kitchen-1.17.0/lib/kitchen/config.rb:137:in `block in build_instances'
E, [2017-11-03T23:26:03.045954 #2080] ERROR -- Kitchen: /opt/chefdk/embedded/lib/ruby/gems/2.4.0/gems/test-kitchen-1.17.0/lib/kitchen/config.rb:136:in `map'
E, [2017-11-03T23:26:03.045965 #2080] ERROR -- Kitchen: /opt/chefdk/embedded/lib/ruby/gems/2.4.0/gems/test-kitchen-1.17.0/lib/kitchen/config.rb:136:in `with_index'
E, [2017-11-03T23:26:03.045976 #2080] ERROR -- Kitchen: /opt/chefdk/embedded/lib/ruby/gems/2.4.0/gems/test-kitchen-1.17.0/lib/kitchen/config.rb:136:in `build_instances'
E, [2017-11-03T23:26:03.045994 #2080] ERROR -- Kitchen: /opt/chefdk/embedded/lib/ruby/gems/2.4.0/gems/test-kitchen-1.17.0/lib/kitchen/config.rb:112:in `instances'
E, [2017-11-03T23:26:03.046006 #2080] ERROR -- Kitchen: /opt/chefdk/embedded/lib/ruby/gems/2.4.0/gems/test-kitchen-1.17.0/lib/kitchen/command.rb:112:in `filtered_instances'
E, [2017-11-03T23:26:03.046017 #2080] ERROR -- Kitchen: /opt/chefdk/embedded/lib/ruby/gems/2.4.0/gems/test-kitchen-1.17.0/lib/kitchen/command.rb:142:in `parse_subcommand'
E, [2017-11-03T23:26:03.046039 #2080] ERROR -- Kitchen: /opt/chefdk/embedded/lib/ruby/gems/2.4.0/gems/test-kitchen-1.17.0/lib/kitchen/command/list.rb:30:in `call'
E, [2017-11-03T23:26:03.046052 #2080] ERROR -- Kitchen: /opt/chefdk/embedded/lib/ruby/gems/2.4.0/gems/test-kitchen-1.17.0/lib/kitchen/cli.rb:53:in `perform'
E, [2017-11-03T23:26:03.046063 #2080] ERROR -- Kitchen: /opt/chefdk/embedded/lib/ruby/gems/2.4.0/gems/test-kitchen-1.17.0/lib/kitchen/cli.rb:121:in `list'
E, [2017-11-03T23:26:03.046074 #2080] ERROR -- Kitchen: /opt/chefdk/embedded/lib/ruby/gems/2.4.0/gems/thor-0.19.1/lib/thor/command.rb:27:in `run'
E, [2017-11-03T23:26:03.046146 #2080] ERROR -- Kitchen: /opt/chefdk/embedded/lib/ruby/gems/2.4.0/gems/thor-0.19.1/lib/thor/invocation.rb:126:in `invoke_command'
E, [2017-11-03T23:26:03.046166 #2080] ERROR -- Kitchen: /opt/chefdk/embedded/lib/ruby/gems/2.4.0/gems/test-kitchen-1.17.0/lib/kitchen/cli.rb:334:in `invoke_task'
E, [2017-11-03T23:26:03.046178 #2080] ERROR -- Kitchen: /opt/chefdk/embedded/lib/ruby/gems/2.4.0/gems/thor-0.19.1/lib/thor.rb:359:in `dispatch'
E, [2017-11-03T23:26:03.046189 #2080] ERROR -- Kitchen: /opt/chefdk/embedded/lib/ruby/gems/2.4.0/gems/thor-0.19.1/lib/thor/base.rb:440:in `start'
E, [2017-11-03T23:26:03.046201 #2080] ERROR -- Kitchen: /opt/chefdk/embedded/lib/ruby/gems/2.4.0/gems/test-kitchen-1.17.0/bin/kitchen:13:in `block in <top (required)>'
E, [2017-11-03T23:26:03.046218 #2080] ERROR -- Kitchen: /opt/chefdk/embedded/lib/ruby/gems/2.4.0/gems/test-kitchen-1.17.0/lib/kitchen/errors.rb:171:in `with_friendly_errors'
E, [2017-11-03T23:26:03.046231 #2080] ERROR -- Kitchen: /opt/chefdk/embedded/lib/ruby/gems/2.4.0/gems/test-kitchen-1.17.0/bin/kitchen:13:in `<top (required)>'
E, [2017-11-03T23:26:03.046243 #2080] ERROR -- Kitchen: /bin/kitchen:267:in `load'
E, [2017-11-03T23:26:03.046254 #2080] ERROR -- Kitchen: /bin/kitchen:267:in `<main>'
E, [2017-11-03T23:26:03.046276 #2080] ERROR -- Kitchen: ----End Backtrace-----
E, [2017-11-03T23:26:03.046287 #2080] ERROR -- Kitchen: ---Nested Exception---
E, [2017-11-03T23:26:03.046297 #2080] ERROR -- Kitchen: Class: Errno::ENOENT
E, [2017-11-03T23:26:03.046308 #2080] ERROR -- Kitchen: Message: No such file or directory - vagrant
E, [2017-11-03T23:26:03.046318 #2080] ERROR -- Kitchen: ----------------------
E, [2017-11-03T23:26:03.046328 #2080] ERROR -- Kitchen: ------Backtrace-------
E, [2017-11-03T23:26:03.046339 #2080] ERROR -- Kitchen: /opt/chefdk/embedded/lib/ruby/gems/2.4.0/gems/kitchen-vagrant-1.2.1/lib/kitchen/driver/vagrant.rb:526:in `rescue in vagrant_version'
E, [2017-11-03T23:26:03.046358 #2080] ERROR -- Kitchen: /opt/chefdk/embedded/lib/ruby/gems/2.4.0/gems/kitchen-vagrant-1.2.1/lib/kitchen/driver/vagrant.rb:522:in `vagrant_version'
E, [2017-11-03T23:26:03.046370 #2080] ERROR -- Kitchen: /opt/chefdk/embedded/lib/ruby/gems/2.4.0/gems/kitchen-vagrant-1.2.1/lib/kitchen/driver/vagrant.rb:184:in `verify_dependencies'
E, [2017-11-03T23:26:03.046389 #2080] ERROR -- Kitchen: /opt/chefdk/embedded/lib/ruby/gems/2.4.0/gems/test-kitchen-1.17.0/lib/kitchen/driver.rb:43:in `for_plugin'
E, [2017-11-03T23:26:03.046398 #2080] ERROR -- Kitchen: /opt/chefdk/embedded/lib/ruby/gems/2.4.0/gems/test-kitchen-1.17.0/lib/kitchen/config.rb:228:in `new_driver'
E, [2017-11-03T23:26:03.046407 #2080] ERROR -- Kitchen: /opt/chefdk/embedded/lib/ruby/gems/2.4.0/gems/test-kitchen-1.17.0/lib/kitchen/config.rb:241:in `new_instance'
E, [2017-11-03T23:26:03.046416 #2080] ERROR -- Kitchen: /opt/chefdk/embedded/lib/ruby/gems/2.4.0/gems/test-kitchen-1.17.0/lib/kitchen/config.rb:137:in `block in build_instances'
E, [2017-11-03T23:26:03.046425 #2080] ERROR -- Kitchen: /opt/chefdk/embedded/lib/ruby/gems/2.4.0/gems/test-kitchen-1.17.0/lib/kitchen/config.rb:136:in `map'
E, [2017-11-03T23:26:03.046433 #2080] ERROR -- Kitchen: /opt/chefdk/embedded/lib/ruby/gems/2.4.0/gems/test-kitchen-1.17.0/lib/kitchen/config.rb:136:in `with_index'
E, [2017-11-03T23:26:03.046473 #2080] ERROR -- Kitchen: /opt/chefdk/embedded/lib/ruby/gems/2.4.0/gems/test-kitchen-1.17.0/lib/kitchen/config.rb:136:in `build_instances'
E, [2017-11-03T23:26:03.046483 #2080] ERROR -- Kitchen: /opt/chefdk/embedded/lib/ruby/gems/2.4.0/gems/test-kitchen-1.17.0/lib/kitchen/config.rb:112:in `instances'
E, [2017-11-03T23:26:03.046491 #2080] ERROR -- Kitchen: /opt/chefdk/embedded/lib/ruby/gems/2.4.0/gems/test-kitchen-1.17.0/lib/kitchen/command.rb:112:in `filtered_instances'
E, [2017-11-03T23:26:03.046500 #2080] ERROR -- Kitchen: /opt/chefdk/embedded/lib/ruby/gems/2.4.0/gems/test-kitchen-1.17.0/lib/kitchen/command.rb:142:in `parse_subcommand'
E, [2017-11-03T23:26:03.046509 #2080] ERROR -- Kitchen: /opt/chefdk/embedded/lib/ruby/gems/2.4.0/gems/test-kitchen-1.17.0/lib/kitchen/command/list.rb:30:in `call'
E, [2017-11-03T23:26:03.046517 #2080] ERROR -- Kitchen: /opt/chefdk/embedded/lib/ruby/gems/2.4.0/gems/test-kitchen-1.17.0/lib/kitchen/cli.rb:53:in `perform'
E, [2017-11-03T23:26:03.046526 #2080] ERROR -- Kitchen: /opt/chefdk/embedded/lib/ruby/gems/2.4.0/gems/test-kitchen-1.17.0/lib/kitchen/cli.rb:121:in `list'
E, [2017-11-03T23:26:03.046535 #2080] ERROR -- Kitchen: /opt/chefdk/embedded/lib/ruby/gems/2.4.0/gems/thor-0.19.1/lib/thor/command.rb:27:in `run'
E, [2017-11-03T23:26:03.046543 #2080] ERROR -- Kitchen: /opt/chefdk/embedded/lib/ruby/gems/2.4.0/gems/thor-0.19.1/lib/thor/invocation.rb:126:in `invoke_command'
E, [2017-11-03T23:26:03.046552 #2080] ERROR -- Kitchen: /opt/chefdk/embedded/lib/ruby/gems/2.4.0/gems/test-kitchen-1.17.0/lib/kitchen/cli.rb:334:in `invoke_task'
E, [2017-11-03T23:26:03.046563 #2080] ERROR -- Kitchen: /opt/chefdk/embedded/lib/ruby/gems/2.4.0/gems/thor-0.19.1/lib/thor.rb:359:in `dispatch'
E, [2017-11-03T23:26:03.046573 #2080] ERROR -- Kitchen: /opt/chefdk/embedded/lib/ruby/gems/2.4.0/gems/thor-0.19.1/lib/thor/base.rb:440:in `start'
E, [2017-11-03T23:26:03.046581 #2080] ERROR -- Kitchen: /opt/chefdk/embedded/lib/ruby/gems/2.4.0/gems/test-kitchen-1.17.0/bin/kitchen:13:in `block in <top (required)>'
E, [2017-11-03T23:26:03.046590 #2080] ERROR -- Kitchen: /opt/chefdk/embedded/lib/ruby/gems/2.4.0/gems/test-kitchen-1.17.0/lib/kitchen/errors.rb:171:in `with_friendly_errors'
E, [2017-11-03T23:26:03.046599 #2080] ERROR -- Kitchen: /opt/chefdk/embedded/lib/ruby/gems/2.4.0/gems/test-kitchen-1.17.0/bin/kitchen:13:in `<top (required)>'
E, [2017-11-03T23:26:03.046608 #2080] ERROR -- Kitchen: /bin/kitchen:267:in `load'
E, [2017-11-03T23:26:03.046616 #2080] ERROR -- Kitchen: /bin/kitchen:267:in `<main>'
E, [2017-11-03T23:26:03.046624 #2080] ERROR -- Kitchen: ----End Backtrace-----
